[33m>[39m Building...
[32mΓêÜ[39m Building...
[1mInitial chunk files[22m[2m | [22m[1mNames[22m              [2m | [22m [1mRaw size[22m[2m | [22m[1mEstimated transfer size[22m
[32mchunk-HREA7TGG.js[39m  [2m | [22m[2m-[22m                  [2m | [22m[36m159.36 kB[39m[2m | [22m               [36m46.66 kB[39m
[32mchunk-YJD5ZQC3.js[39m  [2m | [22m[2m-[22m                  [2m | [22m [36m73.61 kB[39m[2m | [22m               [36m18.35 kB[39m
[32mchunk-YXFQYSWJ.js[39m  [2m | [22m[2m-[22m                  [2m | [22m [36m42.79 kB[39m[2m | [22m               [36m11.69 kB[39m
[32mstyles-LWUPRMGV.css[39m[2m | [22m[2mstyles[22m             [2m | [22m [36m30.76 kB[39m[2m | [22m                [36m5.08 kB[39m
[32mmain-ZN4LNOEF.js[39m   [2m | [22m[2mmain[22m               [2m | [22m  [36m5.26 kB[39m[2m | [22m                [36m1.80 kB[39m
[32mchunk-QALQVZJS.js[39m  [2m | [22m[2m-[22m                  [2m | [22m  [36m1.16 kB[39m[2m | [22m              [36m461 bytes[39m

[1m [22m                  [2m | [22m[1mInitial total[22m      [2m | [22m[1m312.94 kB[22m[2m | [22m               [1m84.03 kB[22m

[1mLazy chunk files[22m   [2m | [22m[1mNames[22m              [2m | [22m [1mRaw size[22m[2m | [22m[1mEstimated transfer size[22m
[32mchunk-KS3RJAGG.js[39m  [2m | [22m[2m-[22m                  [2m | [22m [36m70.27 kB[39m[2m | [22m               [36m13.50 kB[39m
[32mchunk-4AMLOIH7.js[39m  [2m | [22m[2mlogin-component[22m    [2m | [22m [36m70.27 kB[39m[2m | [22m               [36m12.40 kB[39m
[32mchunk-JIHAEE26.js[39m  [2m | [22m[2mbrowser[22m            [2m | [22m [36m67.75 kB[39m[2m | [22m               [36m17.80 kB[39m
[32mchunk-43AZ3BON.js[39m  [2m | [22m[2m-[22m                  [2m | [22m [36m45.31 kB[39m[2m | [22m               [36m10.62 kB[39m
[32mchunk-3HJWB7TV.js[39m  [2m | [22m[2mproducts-component[22m [2m | [22m [36m34.11 kB[39m[2m | [22m                [36m8.54 kB[39m
[32mchunk-FXD5GT6T.js[39m  [2m | [22m[2m-[22m                  [2m | [22m [36m33.66 kB[39m[2m | [22m                [36m7.30 kB[39m
[32mchunk-EJ764UYV.js[39m  [2m | [22m[2mlayout-component[22m   [2m | [22m [36m23.42 kB[39m[2m | [22m                [36m6.46 kB[39m
[32mchunk-MF3RR4N2.js[39m  [2m | [22m[2m-[22m                  [2m | [22m [36m14.94 kB[39m[2m | [22m                [36m4.12 kB[39m
[32mchunk-OYJUVXTZ.js[39m  [2m | [22m[2m-[22m                  [2m | [22m [36m14.66 kB[39m[2m | [22m                [36m4.48 kB[39m
[32mchunk-IHNPMROQ.js[39m  [2m | [22m[2mdashboard-component[22m[2m | [22m  [36m4.37 kB[39m[2m | [22m                [36m1.44 kB[39m
[32mchunk-2GOQWULI.js[39m  [2m | [22m[2mformulas-component[22m [2m | [22m  [36m3.53 kB[39m[2m | [22m                [36m1.36 kB[39m
[32mchunk-LND3HCIQ.js[39m  [2m | [22m[2mcustomers-component[22m[2m | [22m  [36m3.40 kB[39m[2m | [22m                [36m1.37 kB[39m
[32mchunk-BMDOCERH.js[39m  [2m | [22m[2msuites-component[22m   [2m | [22m  [36m2.72 kB[39m[2m | [22m                [36m1.18 kB[39m
[32mchunk-22JUXYVE.js[39m  [2m | [22m[2mprices-component[22m   [2m | [22m  [36m2.60 kB[39m[2m | [22m                [36m1.13 kB[39m
[32mchunk-QM4BRUDO.js[39m  [2m | [22m[2mdiscounts-component[22m[2m | [22m  [36m2.41 kB[39m[2m | [22m                [36m1.05 kB[39m
[2m...and 3 more lazy chunks files. Use "--verbose" to show all the files.[22m

Application bundle generation complete. [6.320 seconds] - 2026-02-12T15:08:34.507Z

ng.cmd : [1m[33m[33mΓû▓ [43;33m[[43;30mWARNING[43;33m][0m [1mNG8107: The left side of this optional chain 
operation does not include 'null' or 'undefined' in its type, therefore the '?.' operator can be replaced with the '.' 
operator.[0m [1m[35m[plugin angular-compiler][0m
At line:1 char:120
+ ... rojects\UI; & "C:\Users\vivek\AppData\Roaming\npm\ng.cmd" build 2>&1  ...
+                 ~~~~~~~~~~~~~~~~~~~~~~~~~~~~~~~~~~~~~~~~~~~~~~~~~~~~~~~~
    + CategoryInfo          : NotSpecified: ([1m[33m[33mΓ...r-compiler][0m:String) [], RemoteException
    + FullyQualifiedErrorId : NativeCommandError
 

    src/app/features/catalog/formulas/formulas.component.ts:34:32:
[37m      34 Γöé               {{ f.ingredients?.[32mlength[37m || 0 }} ingredients
         Γò╡                                 [32m~~~~~~[0m


[33mΓû▓ [43;33m[[43;30mWARNING[43;33m][0m [1mNG8107: The left side of this optional chain operation does not 
include 'null' or 'undefined' in its type, therefore the '?.' operator can be replaced with the '.' operator.[0m 
[1m[35m[plugin angular-compiler][0m

    src/app/features/catalog/formulas/formulas.component.ts:38:37:
[37m      38 Γöé ...  <div *ngIf="f.ingredients?.[32mlength[37m" class="mt-3 border-t borde...
         Γò╡                                 [32m~~~~~~[0m

[39m[22m
Output location: C:\Users\vivek\IdeaProjects\UI\dist\rev-next-ui

